# JRE version: OpenJDK Runtime Environment (8.0_112-b06) (build 1.8.0_112-release-b06)
# Java VM: OpenJDK 64-Bit Server VM (25.112-b06 mixed mode linux-amd64 compressed oops)
Heap:
 PSYoungGen      total 473600K, used 424307K [0x00000000e0000000, 0x0000000100000000, 0x0000000100000000)
  eden space 425984K, 99% used [0x00000000e0000000,0x00000000f9e5ce58,0x00000000fa000000)
  from space 47616K, 0% used [0x00000000fd180000,0x00000000fd180000,0x0000000100000000)
  to   space 49152K, 0% used [0x00000000fa000000,0x00000000fa000000,0x00000000fd000000)
 ParOldGen       total 208384K, used 32770K [0x00000000a0000000, 0x00000000acb80000, 0x00000000e0000000)
  object space 208384K, 15% used [0x00000000a0000000,0x00000000a2000810,0x00000000acb80000)
 Metaspace       used 63131K, capacity 65016K, committed 65176K, reserved 1105920K
  class space    used 8264K, capacity 8617K, committed 8624K, reserved 1048576K
GC Heap History (10 events):
Event: 2.516 GC heap before
{Heap before GC invocations=7 (full 2):
 PSYoungGen      total 268288K, used 10229K [0x00000000e0000000, 0x00000000f6b00000, 0x0000000100000000)
  eden space 258048K, 0% used [0x00000000e0000000,0x00000000e0000000,0x00000000efc00000)
  from space 10240K, 99% used [0x00000000efc00000,0x00000000f05fd5f8,0x00000000f0600000)
  to   space 13312K, 0% used [0x00000000f5e00000,0x00000000f5e00000,0x00000000f6b00000)
 ParOldGen       total 92672K, used 7998K [0x00000000a0000000, 0x00000000a5a80000, 0x00000000e0000000)
  object space 92672K, 8% used [0x00000000a0000000,0x00000000a07cf968,0x00000000a5a80000)
 Metaspace       used 34615K, capacity 35226K, committed 35496K, reserved 1079296K
  class space    used 4646K, capacity 4855K, committed 4912K, reserved 1048576K
Event: 2.591 GC heap after
Heap after GC invocations=7 (full 2):
 PSYoungGen      total 268288K, used 0K [0x00000000e0000000, 0x00000000f6b00000, 0x0000000100000000)
  eden space 258048K, 0% used [0x00000000e0000000,0x00000000e0000000,0x00000000efc00000)
  from space 10240K, 0% used [0x00000000efc00000,0x00000000efc00000,0x00000000f0600000)
  to   space 13312K, 0% used [0x00000000f5e00000,0x00000000f5e00000,0x00000000f6b00000)
 ParOldGen       total 135168K, used 17707K [0x00000000a0000000, 0x00000000a8400000, 0x00000000e0000000)
  object space 135168K, 13% used [0x00000000a0000000,0x00000000a114ad68,0x00000000a8400000)
 Metaspace       used 34615K, capacity 35226K, committed 35496K, reserved 1079296K
  class space    used 4646K, capacity 4855K, committed 4912K, reserved 1048576K
}
Event: 4.186 GC heap before
{Heap before GC invocations=8 (full 2):
 PSYoungGen      total 268288K, used 258048K [0x00000000e0000000, 0x00000000f6b00000, 0x0000000100000000)
  eden space 258048K, 100% used [0x00000000e0000000,0x00000000efc00000,0x00000000efc00000)
  from space 10240K, 0% used [0x00000000efc00000,0x00000000efc00000,0x00000000f0600000)
  to   space 13312K, 0% used [0x00000000f5e00000,0x00000000f5e00000,0x00000000f6b00000)
 ParOldGen       total 135168K, used 17707K [0x00000000a0000000, 0x00000000a8400000, 0x00000000e0000000)
  object space 135168K, 13% used [0x00000000a0000000,0x00000000a114ad68,0x00000000a8400000)
 Metaspace       used 49984K, capacity 51536K, committed 51760K, reserved 1093632K
  class space    used 6798K, capacity 7147K, committed 7216K, reserved 1048576K
Event: 4.202 GC heap after
Heap after GC invocations=8 (full 2):
 PSYoungGen      total 350720K, used 13283K [0x00000000e0000000, 0x00000000fb100000, 0x0000000100000000)
  eden space 337408K, 0% used [0x00000000e0000000,0x00000000e0000000,0x00000000f4980000)
  from space 13312K, 99% used [0x00000000f5e00000,0x00000000f6af8c80,0x00000000f6b00000)
  to   space 20992K, 0% used [0x00000000f4980000,0x00000000f4980000,0x00000000f5e00000)
 ParOldGen       total 135168K, used 28696K [0x00000000a0000000, 0x00000000a8400000, 0x00000000e0000000)
  object space 135168K, 21% used [0x00000000a0000000,0x00000000a1c06060,0x00000000a8400000)
 Metaspace       used 49984K, capacity 51536K, committed 51760K, reserved 1093632K
  class space    used 6798K, capacity 7147K, committed 7216K, reserved 1048576K
}
Event: 5.943 GC heap before
{Heap before GC invocations=9 (full 2):
 PSYoungGen      total 350720K, used 350691K [0x00000000e0000000, 0x00000000fb100000, 0x0000000100000000)
  eden space 337408K, 100% used [0x00000000e0000000,0x00000000f4980000,0x00000000f4980000)
  from space 13312K, 99% used [0x00000000f5e00000,0x00000000f6af8c80,0x00000000f6b00000)
  to   space 20992K, 0% used [0x00000000f4980000,0x00000000f4980000,0x00000000f5e00000)
 ParOldGen       total 135168K, used 28696K [0x00000000a0000000, 0x00000000a8400000, 0x00000000e0000000)
  object space 135168K, 21% used [0x00000000a0000000,0x00000000a1c06060,0x00000000a8400000)
 Metaspace       used 53192K, capacity 54796K, committed 55088K, reserved 1097728K
  class space    used 7098K, capacity 7425K, committed 7472K, reserved 1048576K
Event: 5.983 GC heap after
Heap after GC invocations=9 (full 2):
 PSYoungGen      total 358400K, used 20969K [0x00000000e0000000, 0x0000000100000000, 0x0000000100000000)
  eden space 337408K, 0% used [0x00000000e0000000,0x00000000e0000000,0x00000000f4980000)
  from space 20992K, 99% used [0x00000000f4980000,0x00000000f5dfa770,0x00000000f5e00000)
  to   space 47616K, 0% used [0x00000000fd180000,0x00000000fd180000,0x0000000100000000)
 ParOldGen       total 135168K, used 74726K [0x00000000a0000000, 0x00000000a8400000, 0x00000000e0000000)
  object space 135168K, 55% used [0x00000000a0000000,0x00000000a48f9800,0x00000000a8400000)
 Metaspace       used 53192K, capacity 54796K, committed 55088K, reserved 1097728K
  class space    used 7098K, capacity 7425K, committed 7472K, reserved 1048576K
}
Event: 210.455 GC heap before
{Heap before GC invocations=10 (full 2):
 PSYoungGen      total 358400K, used 164826K [0x00000000e0000000, 0x0000000100000000, 0x0000000100000000)
  eden space 337408K, 42% used [0x00000000e0000000,0x00000000e8c7c2a0,0x00000000f4980000)
  from space 20992K, 99% used [0x00000000f4980000,0x00000000f5dfa770,0x00000000f5e00000)
  to   space 47616K, 0% used [0x00000000fd180000,0x00000000fd180000,0x0000000100000000)
 ParOldGen       total 135168K, used 74726K [0x00000000a0000000, 0x00000000a8400000, 0x00000000e0000000)
  object space 135168K, 55% used [0x00000000a0000000,0x00000000a48f9800,0x00000000a8400000)
 Metaspace       used 57274K, capacity 59082K, committed 59160K, reserved 1099776K
  class space    used 7578K, capacity 7951K, committed 7984K, reserved 1048576K
Event: 210.479 GC heap after
Heap after GC invocations=10 (full 2):
 PSYoungGen      total 473600K, used 30737K [0x00000000e0000000, 0x0000000100000000, 0x0000000100000000)
  eden space 425984K, 0% used [0x00000000e0000000,0x00000000e0000000,0x00000000fa000000)
  from space 47616K, 64% used [0x00000000fd180000,0x00000000fef845f0,0x0000000100000000)
  to   space 49152K, 0% used [0x00000000fa000000,0x00000000fa000000,0x00000000fd000000)
 ParOldGen       total 135168K, used 74734K [0x00000000a0000000, 0x00000000a8400000, 0x00000000e0000000)
  object space 135168K, 55% used [0x00000000a0000000,0x00000000a48fb800,0x00000000a8400000)
 Metaspace       used 57274K, capacity 59082K, committed 59160K, reserved 1099776K
  class space    used 7578K, capacity 7951K, committed 7984K, reserved 1048576K
}
Event: 210.479 GC heap before
{Heap before GC invocations=11 (full 3):
 PSYoungGen      total 473600K, used 30737K [0x00000000e0000000, 0x0000000100000000, 0x0000000100000000)
  eden space 425984K, 0% used [0x00000000e0000000,0x00000000e0000000,0x00000000fa000000)
  from space 47616K, 64% used [0x00000000fd180000,0x00000000fef845f0,0x0000000100000000)
  to   space 49152K, 0% used [0x00000000fa000000,0x00000000fa000000,0x00000000fd000000)
 ParOldGen       total 135168K, used 74734K [0x00000000a0000000, 0x00000000a8400000, 0x00000000e0000000)
  object space 135168K, 55% used [0x00000000a0000000,0x00000000a48fb800,0x00000000a8400000)
 Metaspace       used 57274K, capacity 59082K, committed 59160K, reserved 1099776K
  class space    used 7578K, capacity 7951K, committed 7984K, reserved 1048576K
Event: 210.587 GC heap after
Heap after GC invocations=11 (full 3):
 PSYoungGen      total 473600K, used 0K [0x00000000e0000000, 0x0000000100000000, 0x0000000100000000)
  eden space 425984K, 0% used [0x00000000e0000000,0x00000000e0000000,0x00000000fa000000)
  from space 47616K, 0% used [0x00000000fd180000,0x00000000fd180000,0x0000000100000000)
  to   space 49152K, 0% used [0x00000000fa000000,0x00000000fa000000,0x00000000fd000000)
 ParOldGen       total 208384K, used 32770K [0x00000000a0000000, 0x00000000acb80000, 0x00000000e0000000)
  object space 208384K, 15% used [0x00000000a0000000,0x00000000a2000810,0x00000000acb80000)
 Metaspace       used 57272K, capacity 59076K, committed 59160K, reserved 1099776K
  class space    used 7578K, capacity 7950K, committed 7984K, reserved 1048576K
}

