# JRE version: OpenJDK Runtime Environment (8.0_112-b06) (build 1.8.0_112-release-b06)
# Java VM: OpenJDK 64-Bit Server VM (25.112-b06 mixed mode linux-amd64 compressed oops)
Heap:
 PSYoungGen      total 360960K, used 128352K [0x00000000e0000000, 0x0000000100000000, 0x0000000100000000)
  eden space 301056K, 31% used [0x00000000e0000000,0x00000000e5b854e0,0x00000000f2600000)
  from space 59904K, 57% used [0x00000000f2600000,0x00000000f47d2c80,0x00000000f6080000)
  to   space 60928K, 0% used [0x00000000fc480000,0x00000000fc480000,0x0000000100000000)
 ParOldGen       total 173056K, used 124202K [0x00000000a0000000, 0x00000000aa900000, 0x00000000e0000000)
  object space 173056K, 71% used [0x00000000a0000000,0x00000000a794a860,0x00000000aa900000)
 Metaspace       used 68543K, capacity 72042K, committed 72216K, reserved 1112064K
  class space    used 8671K, capacity 9224K, committed 9264K, reserved 1048576K
GC Heap History (10 events):
Event: 423.782 GC heap before
{Heap before GC invocations=14 (full 3):
 PSYoungGen      total 252928K, used 229309K [0x00000000e0000000, 0x00000000f3a00000, 0x0000000100000000)
  eden space 218112K, 100% used [0x00000000e0000000,0x00000000ed500000,0x00000000ed500000)
  from space 34816K, 32% used [0x00000000f1800000,0x00000000f22ef740,0x00000000f3a00000)
  to   space 51712K, 0% used [0x00000000ed500000,0x00000000ed500000,0x00000000f0780000)
 ParOldGen       total 173056K, used 106423K [0x00000000a0000000, 0x00000000aa900000, 0x00000000e0000000)
  object space 173056K, 61% used [0x00000000a0000000,0x00000000a67edfc8,0x00000000aa900000)
 Metaspace       used 66811K, capacity 69296K, committed 69400K, reserved 1110016K
  class space    used 8530K, capacity 8993K, committed 9008K, reserved 1048576K
Event: 423.792 GC heap after
Heap after GC invocations=14 (full 3):
 PSYoungGen      total 215552K, used 4210K [0x00000000e0000000, 0x00000000f3200000, 0x0000000100000000)
  eden space 210944K, 0% used [0x00000000e0000000,0x00000000e0000000,0x00000000ece00000)
  from space 4608K, 91% used [0x00000000ed500000,0x00000000ed91c9d0,0x00000000ed980000)
  to   space 51200K, 0% used [0x00000000f0000000,0x00000000f0000000,0x00000000f3200000)
 ParOldGen       total 173056K, used 116234K [0x00000000a0000000, 0x00000000aa900000, 0x00000000e0000000)
  object space 173056K, 67% used [0x00000000a0000000,0x00000000a7182970,0x00000000aa900000)
 Metaspace       used 66811K, capacity 69296K, committed 69400K, reserved 1110016K
  class space    used 8530K, capacity 8993K, committed 9008K, reserved 1048576K
}
Event: 424.281 GC heap before
{Heap before GC invocations=15 (full 3):
 PSYoungGen      total 215552K, used 215154K [0x00000000e0000000, 0x00000000f3200000, 0x0000000100000000)
  eden space 210944K, 100% used [0x00000000e0000000,0x00000000ece00000,0x00000000ece00000)
  from space 4608K, 91% used [0x00000000ed500000,0x00000000ed91c9d0,0x00000000ed980000)
  to   space 51200K, 0% used [0x00000000f0000000,0x00000000f0000000,0x00000000f3200000)
 ParOldGen       total 173056K, used 116234K [0x00000000a0000000, 0x00000000aa900000, 0x00000000e0000000)
  object space 173056K, 67% used [0x00000000a0000000,0x00000000a7182970,0x00000000aa900000)
 Metaspace       used 67088K, capacity 69580K, committed 69656K, reserved 1110016K
  class space    used 8533K, capacity 8997K, committed 9008K, reserved 1048576K
Event: 424.305 GC heap after
Heap after GC invocations=15 (full 3):
 PSYoungGen      total 260096K, used 32645K [0x00000000e0000000, 0x00000000f9d00000, 0x0000000100000000)
  eden space 208896K, 0% used [0x00000000e0000000,0x00000000e0000000,0x00000000ecc00000)
  from space 51200K, 63% used [0x00000000f0000000,0x00000000f1fe15d0,0x00000000f3200000)
  to   space 53248K, 0% used [0x00000000ecc00000,0x00000000ecc00000,0x00000000f0000000)
 ParOldGen       total 173056K, used 119386K [0x00000000a0000000, 0x00000000aa900000, 0x00000000e0000000)
  object space 173056K, 68% used [0x00000000a0000000,0x00000000a7496a70,0x00000000aa900000)
 Metaspace       used 67088K, capacity 69580K, committed 69656K, reserved 1110016K
  class space    used 8533K, capacity 8997K, committed 9008K, reserved 1048576K
}
Event: 844.522 GC heap before
{Heap before GC invocations=16 (full 3):
 PSYoungGen      total 260096K, used 241541K [0x00000000e0000000, 0x00000000f9d00000, 0x0000000100000000)
  eden space 208896K, 100% used [0x00000000e0000000,0x00000000ecc00000,0x00000000ecc00000)
  from space 51200K, 63% used [0x00000000f0000000,0x00000000f1fe15d0,0x00000000f3200000)
  to   space 53248K, 0% used [0x00000000ecc00000,0x00000000ecc00000,0x00000000f0000000)
 ParOldGen       total 173056K, used 119386K [0x00000000a0000000, 0x00000000aa900000, 0x00000000e0000000)
  object space 173056K, 68% used [0x00000000a0000000,0x00000000a7496a70,0x00000000aa900000)
 Metaspace       used 67672K, capacity 70582K, committed 70808K, reserved 1112064K
  class space    used 8590K, capacity 9086K, committed 9136K, reserved 1048576K
Event: 844.527 GC heap after
Heap after GC invocations=16 (full 3):
 PSYoungGen      total 262144K, used 2200K [0x00000000e0000000, 0x00000000f9480000, 0x0000000100000000)
  eden space 208896K, 0% used [0x00000000e0000000,0x00000000e0000000,0x00000000ecc00000)
  from space 53248K, 4% used [0x00000000ecc00000,0x00000000ece26028,0x00000000f0000000)
  to   space 53248K, 0% used [0x00000000f6080000,0x00000000f6080000,0x00000000f9480000)
 ParOldGen       total 173056K, used 120642K [0x00000000a0000000, 0x00000000aa900000, 0x00000000e0000000)
  object space 173056K, 69% used [0x00000000a0000000,0x00000000a75d0900,0x00000000aa900000)
 Metaspace       used 67672K, capacity 70582K, committed 70808K, reserved 1112064K
  class space    used 8590K, capacity 9086K, committed 9136K, reserved 1048576K
}
Event: 844.961 GC heap before
{Heap before GC invocations=17 (full 3):
 PSYoungGen      total 262144K, used 211096K [0x00000000e0000000, 0x00000000f9480000, 0x0000000100000000)
  eden space 208896K, 100% used [0x00000000e0000000,0x00000000ecc00000,0x00000000ecc00000)
  from space 53248K, 4% used [0x00000000ecc00000,0x00000000ece26028,0x00000000f0000000)
  to   space 53248K, 0% used [0x00000000f6080000,0x00000000f6080000,0x00000000f9480000)
 ParOldGen       total 173056K, used 120642K [0x00000000a0000000, 0x00000000aa900000, 0x00000000e0000000)
  object space 173056K, 69% used [0x00000000a0000000,0x00000000a75d0900,0x00000000aa900000)
 Metaspace       used 67951K, capacity 70864K, committed 71064K, reserved 1112064K
  class space    used 8593K, capacity 9089K, committed 9136K, reserved 1048576K
Event: 844.999 GC heap after
Heap after GC invocations=17 (full 3):
 PSYoungGen      total 354304K, used 46309K [0x00000000e0000000, 0x00000000fb000000, 0x0000000100000000)
  eden space 301056K, 0% used [0x00000000e0000000,0x00000000e0000000,0x00000000f2600000)
  from space 53248K, 86% used [0x00000000f6080000,0x00000000f8db9420,0x00000000f9480000)
  to   space 59904K, 0% used [0x00000000f2600000,0x00000000f2600000,0x00000000f6080000)
 ParOldGen       total 173056K, used 122234K [0x00000000a0000000, 0x00000000aa900000, 0x00000000e0000000)
  object space 173056K, 70% used [0x00000000a0000000,0x00000000a775e9d0,0x00000000aa900000)
 Metaspace       used 67951K, capacity 70864K, committed 71064K, reserved 1112064K
  class space    used 8593K, capacity 9089K, committed 9136K, reserved 1048576K
}
Event: 1146.292 GC heap before
{Heap before GC invocations=18 (full 3):
 PSYoungGen      total 354304K, used 347365K [0x00000000e0000000, 0x00000000fb000000, 0x0000000100000000)
  eden space 301056K, 100% used [0x00000000e0000000,0x00000000f2600000,0x00000000f2600000)
  from space 53248K, 86% used [0x00000000f6080000,0x00000000f8db9420,0x00000000f9480000)
  to   space 59904K, 0% used [0x00000000f2600000,0x00000000f2600000,0x00000000f6080000)
 ParOldGen       total 173056K, used 122234K [0x00000000a0000000, 0x00000000aa900000, 0x00000000e0000000)
  object space 173056K, 70% used [0x00000000a0000000,0x00000000a775e9d0,0x00000000aa900000)
 Metaspace       used 68541K, capacity 72042K, committed 72216K, reserved 1112064K
  class space    used 8671K, capacity 9224K, committed 9264K, reserved 1048576K
Event: 1146.326 GC heap after
Heap after GC invocations=18 (full 3):
 PSYoungGen      total 360960K, used 34635K [0x00000000e0000000, 0x0000000100000000, 0x0000000100000000)
  eden space 301056K, 0% used [0x00000000e0000000,0x00000000e0000000,0x00000000f2600000)
  from space 59904K, 57% used [0x00000000f2600000,0x00000000f47d2c80,0x00000000f6080000)
  to   space 60928K, 0% used [0x00000000fc480000,0x00000000fc480000,0x0000000100000000)
 ParOldGen       total 173056K, used 124202K [0x00000000a0000000, 0x00000000aa900000, 0x00000000e0000000)
  object space 173056K, 71% used [0x00000000a0000000,0x00000000a794a860,0x00000000aa900000)
 Metaspace       used 68541K, capacity 72042K, committed 72216K, reserved 1112064K
  class space    used 8671K, capacity 9224K, committed 9264K, reserved 1048576K
}

